<?xml version="1.0" encoding="UTF-8" ?>
<testsuite failures="0" time="0.066" errors="0" skipped="6" tests="8" name="com.nono.assessment.ListTestCase">
  <properties>
[...]
</properties>
  <testcase time="0" classname="com.nono.assessment.ListTestCase" name="testSubList">
    <skipped/>
  </testcase>
  <testcase time="0" classname="com.nono.assessment.ListTestCase" name="arrayTest">
    <skipped/>
  </testcase>
  <testcase time="0.001" classname="com.nono.assessment.ListTestCase" name="intTest">
    <skipped/>
  </testcase>
  <testcase time="0.001" classname="com.nono.assessment.ListTestCase" name="mapTest">
    <skipped/>
  </testcase>
  <testcase time="0.001" classname="com.nono.assessment.ListTestCase" name="sortTest">
    <skipped/>
  </testcase>
  <testcase time="0.001" classname="com.nono.assessment.ListTestCase" name="queueTest">
    <skipped/>
  </testcase>
  <testcase time="0" classname="com.nono.assessment.ListTestCase" name="stringTest"/>
  <testcase time="0.001" classname="com.nono.assessment.ListTestCase" name="arrayTest2"/>
</testsuite>